<?xml version="1.0" encoding="UTF-8"?>
<coverage generated="1755889475302" clover="3.2.0">
  <project timestamp="1755889475302" name="All files">
    <metrics statements="16" coveredstatements="8" conditionals="0" coveredconditionals="0" methods="9" coveredmethods="4" elements="25" coveredelements="12" complexity="0" loc="16" ncloc="16" packages="1" files="2" classes="2"/>
    <file name="App.js" path="/home/dcaceres4/ecommerce-frontend/src/App.js">
      <metrics statements="14" coveredstatements="8" conditionals="0" coveredconditionals="0" methods="9" coveredmethods="4"/>
      <line num="5" count="6" type="stmt"/>
      <line num="6" count="5" type="stmt"/>
      <line num="8" count="5" type="stmt"/>
      <line num="10" count="3" type="stmt"/>
      <line num="11" count="3" type="stmt"/>
      <line num="12" count="0" type="stmt"/>
      <line num="15" count="5" type="stmt"/>
      <line num="16" count="0" type="stmt"/>
      <line num="21" count="0" type="stmt"/>
      <line num="22" count="0" type="stmt"/>
      <line num="24" count="0" type="stmt"/>
      <line num="27" count="5" type="stmt"/>
      <line num="33" count="3" type="stmt"/>
      <line num="36" count="0" type="stmt"/>
    </file>
    <file name="index.js" path="/home/dcaceres4/ecommerce-frontend/src/index.js">
      <metrics statements="2" coveredstatements="0" conditionals="0" coveredconditionals="0" methods="0" coveredmethods="0"/>
      <line num="5" count="0" type="stmt"/>
      <line num="6" count="0" type="stmt"/>
    </file>
  </project>
</coverage>
