{"/home/dcaceres4/ecommerce-frontend/src/App.js": {"path":"/home/dcaceres4/ecommerce-frontend/src/App.js","statementMap":{"0":{"start":{"line":5,"column":36},"end":{"line":5,"column":48}},"1":{"start":{"line":6,"column":32},"end":{"line":6,"column":44}},"2":{"start":{"line":8,"column":4},"end":{"line":13,"column":11}},"3":{"start":{"line":10,"column":8},"end":{"line":12,"column":46}},"4":{"start":{"line":11,"column":25},"end":{"line":11,"column":46}},"5":{"start":{"line":12,"column":26},"end":{"line":12,"column":44}},"6":{"start":{"line":15,"column":24},"end":{"line":25,"column":5}},"7":{"start":{"line":16,"column":8},"end":{"line":24,"column":46}},"8":{"start":{"line":21,"column":16},"end":{"line":21,"column":40}},"9":{"start":{"line":22,"column":16},"end":{"line":22,"column":49}},"10":{"start":{"line":24,"column":26},"end":{"line":24,"column":44}},"11":{"start":{"line":27,"column":4},"end":{"line":41,"column":6}},"12":{"start":{"line":33,"column":20},"end":{"line":37,"column":26}},"13":{"start":{"line":36,"column":47},"end":{"line":36,"column":70}}},"fnMap":{"0":{"name":"App","decl":{"start":{"line":4,"column":9},"end":{"line":4,"column":12}},"loc":{"start":{"line":4,"column":15},"end":{"line":42,"column":1}},"line":4},"1":{"name":"(anonymous_1)","decl":{"start":{"line":8,"column":14},"end":{"line":8,"column":15}},"loc":{"start":{"line":8,"column":20},"end":{"line":13,"column":5}},"line":8},"2":{"name":"(anonymous_2)","decl":{"start":{"line":11,"column":18},"end":{"line":11,"column":19}},"loc":{"start":{"line":11,"column":25},"end":{"line":11,"column":46}},"line":11},"3":{"name":"(anonymous_3)","decl":{"start":{"line":12,"column":19},"end":{"line":12,"column":20}},"loc":{"start":{"line":12,"column":26},"end":{"line":12,"column":44}},"line":12},"4":{"name":"(anonymous_4)","decl":{"start":{"line":15,"column":24},"end":{"line":15,"column":25}},"loc":{"start":{"line":15,"column":39},"end":{"line":25,"column":5}},"line":15},"5":{"name":"(anonymous_5)","decl":{"start":{"line":20,"column":18},"end":{"line":20,"column":19}},"loc":{"start":{"line":20,"column":25},"end":{"line":23,"column":13}},"line":20},"6":{"name":"(anonymous_6)","decl":{"start":{"line":24,"column":19},"end":{"line":24,"column":20}},"loc":{"start":{"line":24,"column":26},"end":{"line":24,"column":44}},"line":24},"7":{"name":"(anonymous_7)","decl":{"start":{"line":32,"column":30},"end":{"line":32,"column":31}},"loc":{"start":{"line":33,"column":20},"end":{"line":37,"column":26}},"line":33},"8":{"name":"(anonymous_8)","decl":{"start":{"line":36,"column":41},"end":{"line":36,"column":42}},"loc":{"start":{"line":36,"column":47},"end":{"line":36,"column":70}},"line":36}},"branchMap":{},"s":{"0":6,"1":5,"2":5,"3":3,"4":3,"5":0,"6":5,"7":0,"8":0,"9":0,"10":0,"11":5,"12":3,"13":0},"f":{"0":6,"1":3,"2":3,"3":0,"4":0,"5":0,"6":0,"7":3,"8":0},"b":{},"_coverageSchema":"1a1c01bbd47fc00a2c39e90264f33305004495a9","hash":"4a46d57288578fd2ab8aa8f09c000312c6d1c1cb"}
,"/home/dcaceres4/ecommerce-frontend/src/index.js": {"path":"/home/dcaceres4/ecommerce-frontend/src/index.js","statementMap":{"0":{"start":{"line":5,"column":13},"end":{"line":5,"column":65}},"1":{"start":{"line":6,"column":0},"end":{"line":10,"column":2}}},"fnMap":{},"branchMap":{},"s":{"0":0,"1":0},"f":{},"b":{}}
}
