TN:
SF:src/App.js
FN:4,App
FN:8,(anonymous_1)
FN:11,(anonymous_2)
FN:12,(anonymous_3)
FN:15,(anonymous_4)
FN:20,(anonymous_5)
FN:24,(anonymous_6)
FN:32,(anonymous_7)
FN:36,(anonymous_8)
FNF:9
FNH:4
FNDA:6,App
FNDA:3,(anonymous_1)
FNDA:3,(anonymous_2)
FNDA:0,(anonymous_3)
FNDA:0,(anonymous_4)
FNDA:0,(anonymous_5)
FNDA:0,(anonymous_6)
FNDA:3,(anonymous_7)
FNDA:0,(anonymous_8)
DA:5,6
DA:6,5
DA:8,5
DA:10,3
DA:11,3
DA:12,0
DA:15,5
DA:16,0
DA:21,0
DA:22,0
DA:24,0
DA:27,5
DA:33,3
DA:36,0
LF:14
LH:8
BRF:0
BRH:0
end_of_record
TN:
SF:src/index.js
FNF:0
FNH:0
DA:5,0
DA:6,0
LF:2
LH:0
BRF:0
BRH:0
end_of_record
